<?xml version="1.0" encoding="UTF-8"?>
<testng-results ignored="0" total="1" passed="1" failed="0" skipped="0">
  <reporter-output>
  </reporter-output>
  <suite started-at="2023-06-07T00:21:11 IST" name="Default suite" finished-at="2023-06-07T00:21:40 IST" duration-ms="29339">
    <groups>
    </groups>
    <test started-at="2023-06-07T00:21:11 IST" name="Default test" finished-at="2023-06-07T00:21:40 IST" duration-ms="29339">
      <class name="Hometest.LoginTest">
        <test-method is-config="true" signature="setup()[pri:0, instance:Hometest.LoginTest@194bcebf]" started-at="2023-06-07T00:21:11 IST" name="setup" finished-at="2023-06-07T00:21:20 IST" duration-ms="9275" status="PASS">
          <reporter-output>
          </reporter-output>
        </test-method> <!-- setup -->
        <test-method is-config="true" signature="url()[pri:0, instance:Hometest.LoginTest@194bcebf]" started-at="2023-06-07T00:21:20 IST" name="url" finished-at="2023-06-07T00:21:32 IST" duration-ms="11108" status="PASS">
          <reporter-output>
          </reporter-output>
        </test-method> <!-- url -->
        <test-method signature="test()[pri:0, instance:Hometest.LoginTest@194bcebf]" started-at="2023-06-07T00:21:32 IST" name="test" finished-at="2023-06-07T00:21:40 IST" duration-ms="8877" status="PASS">
          <reporter-output>
          </reporter-output>
        </test-method> <!-- test -->
      </class> <!-- Hometest.LoginTest -->
    </test> <!-- Default test -->
  </suite> <!-- Default suite -->
</testng-results>
